"../../../Arachnoid/Content/Levels/BoxPuzzle_BuiltData.uasset" 0
"../../../Arachnoid/Content/Levels/Puzzles/difficulty1/BoxPuzzle_BuiltData.uasset" 1
"../../../Arachnoid/Content/Levels/Puzzles/BoxPuzzle.uasset" 2
"../../../Arachnoid/Content/Levels/Puzzles/BoxPuzzle_BuiltData.uasset" 3
"../../../Arachnoid/Content/Mannequin/Character/Mesh/UE4_Mannequin_Skeleton.uasset" 4
"../../../Arachnoid/Content/Mannequin/Animations/ThirdPersonJump_End.uasset" 5
"../../../Arachnoid/Content/Materials/GrappleHookTest/NewMaterial.uasset" 6
"../../../Arachnoid/Content/Materials/GrappleHookTest/NewMaterial1.uasset" 7
"../../../Arachnoid/Content/StarterContent/Materials/M_Basic_Wall.uasset" 8
"../../../Arachnoid/Content/StarterContent/Architecture/Pillar_50x500.uasset" 9
"../../../Arachnoid/Content/StarterContent/Architecture/Wall_400x300.uasset" 10
"../../../Arachnoid/Content/StarterContent/Architecture/Wall_Window_400x400.uasset" 11
"../../../Arachnoid/Content/StarterContent/Audio/Light01_Cue.uasset" 12
"../../../Arachnoid/Content/StarterContent/Audio/Light02_Cue.uasset" 13
"../../../Arachnoid/Content/StarterContent/Audio/Explosion_Cue.uasset" 14
"../../../Arachnoid/Content/StarterContent/Textures/T_Burst_M.uasset" 15
"../../../Arachnoid/Content/StarterContent/Particles/Materials/M_Burst.uasset" 16
"../../../Arachnoid/Content/StarterContent/Textures/T_Explosion_SubUV.uasset" 17
"../../../Arachnoid/Content/StarterContent/Particles/Materials/M_explosion_subUV.uasset" 18
"../../../Arachnoid/Content/StarterContent/Particles/Materials/m_flare_01.uasset" 19
"../../../Engine/Content/Functions/Engine_MaterialFunctions01/Gradient/RadialGradient.uasset" 20
"../../../Arachnoid/Content/StarterContent/Particles/Materials/M_radial_ramp.uasset" 21
"../../../Arachnoid/Content/StarterContent/Textures/T_Smoke_SubUV.uasset" 22
"../../../Arachnoid/Content/StarterContent/Textures/T_Smoke_Tiled_D.uasset" 23
"../../../Arachnoid/Content/StarterContent/Particles/Materials/M_smoke_subUV.uasset" 24
"../../../Arachnoid/Content/StarterContent/Particles/P_Explosion.uasset" 25
"../../../Arachnoid/Content/StarterContent/Blueprints/Blueprint_Effect_Explosion.uasset" 26
"../../../Engine/Content/EditorMeshes/ColorCalibrator/T_ColorGrid.uasset" 27
"../../../Arachnoid/Content/StarterContent/Materials/M_ColorGrid_LowSpec.uasset" 28
"../../../Arachnoid/Content/StarterContent/Textures/T_Bush_D.uasset" 29
"../../../Arachnoid/Content/StarterContent/Textures/T_Bush_N.uasset" 30
"../../../Arachnoid/Content/StarterContent/Props/Materials/M_Bush.uasset" 31
"../../../Arachnoid/Content/StarterContent/Props/SM_Bush.uasset" 32
"../../../Arachnoid/Content/StarterContent/Textures/T_Chair_M.uasset" 33
"../../../Arachnoid/Content/StarterContent/Textures/T_Chair_N.uasset" 34
"../../../Arachnoid/Content/StarterContent/Props/Materials/M_Chair.uasset" 35
"../../../Arachnoid/Content/StarterContent/Props/SM_Couch.uasset" 36
"../../../Arachnoid/Content/StarterContent/Props/Materials/M_MaterialSphere.uasset" 37
"../../../Arachnoid/Content/StarterContent/Props/Materials/M_MaterialSphere_Plain.uasset" 38
"../../../Arachnoid/Content/StarterContent/Props/SM_MatPreviewMesh_02.uasset" 39
"../../../Engine/Content/Functions/Engine_MaterialFunctions02/Utility/BlendAngleCorrectedNormals.uasset" 40
"../../../Arachnoid/Content/StarterContent/Textures/T_Detail_Rocky_N.uasset" 41
"../../../Arachnoid/Content/StarterContent/Textures/T_Rock_Basalt_D.uasset" 42
"../../../Arachnoid/Content/StarterContent/Textures/T_RockMesh_M.uasset" 43
"../../../Arachnoid/Content/StarterContent/Textures/T_RockMesh_N.uasset" 44
"../../../Arachnoid/Content/StarterContent/Props/Materials/M_Rock.uasset" 45
"../../../Arachnoid/Content/StarterContent/Props/SM_Rock.uasset" 46
"../../../Arachnoid/Content/StarterContent/Materials/M_Basic_Floor.uasset" 47
"../../../Arachnoid/Content/StarterContent/Props/SM_Stairs.uasset" 48
"../../../Arachnoid/Content/StarterContent/Shapes/Shape_Cone.uasset" 49
"../../../Arachnoid/Content/StarterContent/Shapes/Shape_Cylinder.uasset" 50
"../../../Arachnoid/Content/StarterContent/Shapes/Shape_NarrowCapsule.uasset" 51
"../../../Arachnoid/Content/StarterContent/Shapes/Shape_Pipe.uasset" 52
"../../../Arachnoid/Content/StarterContent/Shapes/Shape_Pipe_180.uasset" 53
"../../../Arachnoid/Content/StarterContent/Shapes/Shape_Pipe_90.uasset" 54
"../../../Arachnoid/Content/StarterContent/Shapes/Shape_Plane.uasset" 55
"../../../Arachnoid/Content/StarterContent/Shapes/Shape_Torus.uasset" 56
"../../../Arachnoid/Content/StarterContent/Shapes/Shape_Trim.uasset" 57
"../../../Arachnoid/Content/StarterContent/Shapes/Shape_Trim_90_In.uasset" 58
"../../../Arachnoid/Content/StarterContent/Shapes/Shape_Trim_90_Out.uasset" 59
"../../../Arachnoid/Content/StarterContent/Shapes/Shape_TriPyramid.uasset" 60
"../../../Arachnoid/Content/StarterContent/Shapes/Shape_Tube.uasset" 61
"../../../Arachnoid/Content/StarterContent/Shapes/Shape_Wedge_A.uasset" 62
"../../../Arachnoid/Content/StarterContent/Shapes/Shape_Wedge_B.uasset" 63
"../../../Arachnoid/Content/StarterContent/Shapes/Shape_WideCapsule.uasset" 64
"../../../Arachnoid/Content/Textures/NewCanvasRenderTarget2D.uasset" 65
"../../../Engine/Content/EditorBlueprintResources/StandardMacros.uasset" 66
"../../../Arachnoid/Content/ThirdPersonBP/TriggerBase.uasset" 67
"../../../Arachnoid/Content/ThirdPersonBP/Blueprints/TriggerBase.uasset" 68
"../../../Arachnoid/Content/ThirdPersonBP/Blueprints/GrappleHook/Grapple_Gun_grapple_Skeleton.uasset" 69
"../../../Arachnoid/Content/Materials/GrappleHookTest/BlueMat.uasset" 70
"../../../Arachnoid/Content/ThirdPersonBP/Blueprints/GrappleHook/Meshes/Grapple_Gun_grapple_Skeleton.uasset" 71
"../../../Arachnoid/Content/ThirdPersonBP/Blueprints/GrappleHook/Meshes/BlueGrapplingHook.uasset" 72
"../../../Arachnoid/Content/ThirdPersonBP/Blueprints/GrappleHook/Meshes/BlueGun.uasset" 73
"../../../Arachnoid/Content/ThirdPersonBP/Blueprints/NonCharacterBP/TriggerBase.uasset" 74
"../../../Engine/Content/Functions/Engine_MaterialFunctions01/Opacity/CameraDepthFade.uasset" 75
"../../../Engine/Content/EngineMaterials/T_Default_Material_Grid_M.uasset" 76
"../../../Engine/Content/EngineMaterials/T_Default_Material_Grid_N.uasset" 77
"../../../Engine/Content/EngineMaterials/WorldGridMaterial.uasset" 78
"../../../Engine/Content/BasicShapes/Plane.uasset" 79
"../../../Engine/Content/EditorLandscapeResources/DataLayer.uasset" 80
"../../../Engine/Content/EditorMaterials/GizmoMaterial.uasset" 81
"../../../Engine/Content/EditorMaterials/MAT_Groups_Toggle.uasset" 82
"../../../Engine/Content/EditorMaterials/MAT_Groups_Visibility.uasset" 83
"../../../Engine/Content/EditorMaterials/PreviewShadowIndicator.uasset" 84
"../../../Engine/Content/EditorMaterials/PreviewShadowIndicatorMaterial.uasset" 85
"../../../Engine/Content/EditorMaterials/MatineeGroups/MAT_ColorTrack.uasset" 86
"../../../Engine/Content/EditorMaterials/MatineeGroups/MAT_Groups_Anim.uasset" 87
"../../../Engine/Content/EditorMaterials/MatineeGroups/MAT_Groups_AudioMaster.uasset" 88
"../../../Engine/Content/EditorMaterials/MatineeGroups/MAT_Groups_Director.uasset" 89
"../../../Engine/Content/EditorMaterials/MatineeGroups/MAT_Groups_Event.uasset" 90
"../../../Engine/Content/EditorMaterials/MatineeGroups/MAT_Groups_Fade.uasset" 91
"../../../Engine/Content/EditorMaterials/MatineeGroups/MAT_Groups_Float.uasset" 92
"../../../Engine/Content/EditorMaterials/MatineeGroups/MAT_Groups_Move.uasset" 93
"../../../Engine/Content/EditorMaterials/MatineeGroups/MAT_Groups_Slomo.uasset" 94
"../../../Engine/Content/EditorMaterials/MatineeGroups/MAT_Groups_Sound.uasset" 95
"../../../Engine/Content/EditorMaterials/MatineeGroups/MAT_Groups_Vector.uasset" 96
"../../../Engine/Content/EditorMaterials/ParticleSystems/PSysThumbnail_NoImage.uasset" 97
"../../../Engine/Content/EditorMaterials/ParticleSystems/PSysThumbnail_OOD.uasset" 98
"../../../Engine/Content/EditorMaterials/Camera/CineMat.uasset" 99
"../../../Engine/Content/EditorMaterials/Camera/MI_CineMat_Rig.uasset" 100
"../../../Engine/Content/EditorMeshes/Camera/SM_CraneRig_Arm.uasset" 101
"../../../Engine/Content/EditorMeshes/Camera/SM_CraneRig_Base.uasset" 102
"../../../Engine/Content/EditorMeshes/Camera/SM_CraneRig_Body.uasset" 103
"../../../Engine/Content/EditorMeshes/Camera/SM_CraneRig_Mount.uasset" 104
"../../../Engine/Content/EditorMeshes/Camera/SM_RailRig_Mount.uasset" 105
"../../../Engine/Content/EditorMeshes/Camera/SM_RailRig_Track.uasset" 106
"../../../Engine/Content/EditorResources/BSPVertex.uasset" 107
"../../../Engine/Content/EditorResources/EmptyActor.uasset" 108
"../../../Engine/Content/EditorResources/S_Actor.uasset" 109
"../../../Engine/Content/EditorResources/S_Trigger.uasset" 110
"../../../Engine/Content/EditorResources/AudioIcons/S_AudioComponent.uasset" 111
"../../../Engine/Content/EditorResources/AudioIcons/S_AudioComponent_AutoActivate.uasset" 112
"../../../Engine/Content/EditorResources/LightIcons/S_LightError.uasset" 113
"../../../Engine/Content/EditorResources/SequenceRecorder/Countdown.uasset" 114
"../../../Engine/Content/EditorResources/SequenceRecorder/RecordingIndicator.uasset" 115
"../../../Engine/Content/EditorSounds/Notifications/CompileFailed.uasset" 116
"../../../Engine/Content/EditorSounds/Notifications/CompileFailed_Cue.uasset" 117
"../../../Engine/Content/EditorSounds/Notifications/CompileSuccess.uasset" 118
"../../../Engine/Content/EditorSounds/Notifications/CompileStart_Cue.uasset" 119
"../../../Engine/Content/EditorSounds/Notifications/CompileSuccess_Cue.uasset" 120
"../../../Engine/Content/EngineDamageTypes/DmgTypeBP_Environmental.uasset" 121
"../../../Engine/Content/EngineDebugMaterials/HeatmapGradient.uasset" 122
"../../../Engine/Content/EngineDebugMaterials/BoneWeightMaterial.uasset" 123
"../../../Engine/Content/EngineDebugMaterials/ClothMaterial.uasset" 124
"../../../Engine/Content/EngineDebugMaterials/ClothMaterial_WF.uasset" 125
"../../../Engine/Content/EngineDebugMaterials/DebugEditorMaterial.uasset" 126
"../../../Engine/Content/EngineDebugMaterials/DebugMeshMaterial.uasset" 127
"../../../Engine/Content/EngineDebugMaterials/GeomMaterial.uasset" 128
"../../../Engine/Content/EngineFonts/Faces/RobotoBold.uasset" 129
"../../../Engine/Content/EngineFonts/Faces/RobotoBoldItalic.uasset" 130
"../../../Engine/Content/EngineFonts/Faces/RobotoItalic.uasset" 131
"../../../Engine/Content/EngineFonts/Faces/RobotoLight.uasset" 132
"../../../Engine/Content/EngineFonts/Faces/RobotoRegular.uasset" 133
"../../../Engine/Content/EngineFonts/Roboto.uasset" 134
"../../../Engine/Content/EngineFonts/Faces/RobotoTiny.uasset" 135
"../../../Engine/Content/EngineFonts/RobotoTiny.uasset" 136
"../../../Engine/Content/EngineMaterials/DefaultBloomKernel.uasset" 137
"../../../Engine/Content/EngineMaterials/DefaultBokeh.uasset" 138
"../../../Engine/Content/EngineMaterials/DefaultDiffuse.uasset" 139
"../../../Engine/Content/EngineMaterials/DefaultDeferredDecalMaterial.uasset" 140
"../../../Engine/Content/EngineMaterials/DefaultLightFunctionMaterial.uasset" 141
"../../../Engine/Content/Functions/Engine_MaterialFunctions02/Utility/BreakOutFloat2Components.uasset" 142
"../../../Engine/Content/EngineMaterials/DefaultPostProcessMaterial.uasset" 143
"../../../Engine/Content/EngineFonts/RobotoDistanceField.uasset" 144
"../../../Engine/Content/EngineMaterials/DefaultTextMaterialOpaque.uasset" 145
"../../../Engine/Content/EngineMaterials/DefaultWhiteGrid.uasset" 146
"../../../Engine/Content/EngineMaterials/EditorBrushMaterial.uasset" 147
"../../../Engine/Content/EngineMaterials/Good64x64TilingNoiseHighFreq.uasset" 148
"../../../Engine/Content/EngineMaterials/MiniFont.uasset" 149
"../../../Engine/Content/EngineMaterials/InvalidLightmapSettings.uasset" 150
"../../../Engine/Content/EngineMaterials/M_InvalidLightmapSettings.uasset" 151
"../../../Engine/Content/Functions/Engine_MaterialFunctions02/WorldPositionOffset/CameraOffset.uasset" 152
"../../../Engine/Content/EngineMaterials/PhAT_JointLimitMaterial.uasset" 153
"../../../Engine/Content/EngineMaterials/PreintegratedSkinBRDF.uasset" 154
"../../../Engine/Content/EngineMaterials/RemoveSurfaceMaterial.uasset" 155
"../../../Engine/Content/EngineMaterials/WeightMapPlaceholderTexture.uasset" 156
"../../../Engine/Content/EngineResources/WhiteSquareTexture.uasset" 157
"../../../Engine/Content/EngineMaterials/Widget3DPassThrough.uasset" 158
"../../../Engine/Content/EngineMaterials/Widget3DPassThrough_Masked.uasset" 159
"../../../Engine/Content/EngineMaterials/Widget3DPassThrough_Opaque.uasset" 160
"../../../Engine/Content/EngineMaterials/Widget3DPassThrough_Masked_OneSided.uasset" 161
"../../../Engine/Content/EngineMaterials/Widget3DPassThrough_Opaque_OneSided.uasset" 162
"../../../Engine/Content/EngineMaterials/Widget3DPassThrough_Translucent.uasset" 163
"../../../Engine/Content/EngineMaterials/Widget3DPassThrough_Translucent_OneSided.uasset" 164
"../../../Engine/Content/EngineMaterials/DefaultMaterial.uasset" 165
"../../../Engine/Content/EngineMeshes/Cube.uasset" 166
"../../../Engine/Content/EngineMeshes/Cylinder.uasset" 167
"../../../Engine/Content/EngineMeshes/Sphere.uasset" 168
"../../../Engine/Content/EngineResources/Black.uasset" 169
"../../../Engine/Content/EngineResources/DefaultTexture.uasset" 170
"../../../Engine/Content/EngineResources/DefaultTextureCube.uasset" 171
"../../../Engine/Content/EngineResources/GradientTexture0.uasset" 172
"../../../Engine/Content/EngineSounds/Master.uasset" 173
"../../../Engine/Content/Functions/Engine_MaterialFunctions01/Shading/ConvertFromDiffSpec.uasset" 174
"../../../Engine/Content/Functions/Engine_MaterialFunctions01/Shading/PowerToRoughness.uasset" 175
"../../../Engine/Content/Maps/Templates/Thumbnails/Default.uasset" 176
"../../../Engine/Content/Maps/Templates/Thumbnails/VR-Basic.uasset" 177
"../../../Engine/Content/MobileResources/T_MobileControls_texture.uasset" 178
"../../../Engine/Content/MobileResources/T_MobileMenu2.uasset" 179
"../../../Engine/Content/MobileResources/HUD/AnalogHat.uasset" 180
"../../../Engine/Content/MobileResources/HUD/VirtualJoystick_Background.uasset" 181
"../../../Engine/Content/MobileResources/HUD/VirtualJoystick_Thumb.uasset" 182
"../../../Engine/Content/MobileResources/HUD/DefaultVirtualJoysticks.uasset" 183
"../../../Engine/Content/MobileResources/HUD/LeftVirtualJoystickOnly.uasset" 184
"../../../Engine/Content/MobileResources/HUD/MobileHUDButton1_off.uasset" 185
"../../../Engine/Content/MobileResources/HUD/MobileHUDButton1_on.uasset" 186
"../../../Engine/Content/MobileResources/HUD/MobileHUDButton2_off.uasset" 187
"../../../Engine/Content/MobileResources/HUD/MobileHUDButton2_on.uasset" 188
"../../../Engine/Content/MobileResources/HUD/MobileHUDButton3.uasset" 189
"../../../Engine/Content/MobileResources/HUD/MobileHUDButtonFire.uasset" 190
"../../../Engine/Content/MobileResources/HUD/MobileHUDDirectionPad.uasset" 191
"../../../Engine/Content/MobileResources/HUD/MobileHUDDirectionPad2.uasset" 192
"../../../Engine/Content/MobileResources/HUD/MobileHUDDirectionPad3.uasset" 193
"../../../Engine/Content/MobileResources/HUD/MobileHUDDirectionStick.uasset" 194
"../../../Engine/Content/MobileResources/HUD/T_Castle_ThumbstickInner.uasset" 195
"../../../Engine/Content/MobileResources/HUD/T_Castle_ThumbstickOutter.uasset" 196
"../../../Engine/Content/Tutorial/ContentIntroCurve.uasset" 197
"../../../Engine/Content/Tutorial/Basics/TutorialAssets/icon_tab_Levels_40x.uasset" 198
"../../../Engine/Content/Tutorial/BlueprintTutorials/TutorialAssets/BlueprintInterface_64x.uasset" 199
"../../../Engine/Content/Tutorial/BlueprintTutorials/TutorialAssets/BlueprintMacroLibrary_64x.uasset" 200
"../../../Engine/Content/Tutorial/BlueprintTutorials/TutorialAssets/Blueprint_64x.uasset" 201
"../../../Engine/Content/Tutorial/BlueprintTutorials/TutorialAssets/Tutorial_BP_Interface.uasset" 202
"../../../Engine/Content/Tutorial/Foliage/TutorialAssets/Foliage.uasset" 203
"../../../Engine/Content/Tutorial/Landscape/TutorialAssets/Landscape.uasset" 204
"../../../Engine/Content/Tutorial/Paper2D/TutorialAssets/Paper2DFlipbook_TutorialIcon.uasset" 205
"../../../Engine/Content/Tutorial/Paper2D/TutorialAssets/Paper2DSprite_TutorialIcon.uasset" 206
"../../../Engine/Content/Tutorial/SubEditors/TutorialAssets/icon_Editor_Preferences_General_40x.uasset" 207
"../../../Engine/Content/Tutorial/SubEditors/TutorialAssets/icon_ShowSkeletalMeshes_40x.uasset" 208
"../../../Engine/Content/Tutorial/SubEditors/TutorialAssets/TutorialMaterial.uasset" 209
"../../../Engine/Content/Tutorial/SubEditors/TutorialAssets/T_SmokeSubUV_8X8.uasset" 210
"../../../Engine/Content/Tutorial/SubEditors/TutorialAssets/T_soft_smoke.uasset" 211
"../../../Engine/Content/Tutorial/SubEditors/TutorialAssets/M_smoke_subUV_blackbody.uasset" 212
"../../../Engine/Content/Tutorial/SubEditors/TutorialAssets/TutorialParticleSystem.uasset" 213
"../../../Engine/Content/VREditor/Devices/Generic/GenericHMDMaterial.uasset" 214
"../../../Engine/Content/VREditor/Devices/Generic/GenericHMD.uasset" 215
"../../../Engine/Content/VREditor/FloatingText/LineMaterial.uasset" 216
"../../../Engine/Content/VREditor/FloatingText/JointSphere.uasset" 217
"../../../Engine/Content/VREditor/FloatingText/LineSegmentCylinder.uasset" 218
"../../../Engine/Content/VREditor/Fonts/VRText_RobotoLarge.uasset" 219
"../../../Engine/Content/VREditor/Fonts/VRTextMaterial.uasset" 220
"../../../Engine/Content/VREditor/Fonts/TranslucentVRTextMaterial.uasset" 221
"../../../Engine/Content/VREditor/LaserPointer/CursorPointer.uasset" 222
"../../../Engine/Content/VREditor/LaserPointer/VR_LaserPower_01.uasset" 223
"../../../Engine/Content/VREditor/TransformGizmo/TransformGizmoMaterial.uasset" 224
"../../../Engine/Content/VREditor/LaserPointer/HoverMaterial.uasset" 225
"../../../Engine/Content/VREditor/TransformGizmo/TranslucentTransformGizmoMaterial.uasset" 226
"../../../Engine/Content/VREditor/LaserPointer/TranslucentHoverMaterial.uasset" 227
"../../../Engine/Content/VREditor/LaserPointer/HoverMesh.uasset" 228
"../../../Engine/Content/VREditor/LaserPointer/LaserPointerMaterial.uasset" 229
"../../../Engine/Content/VREditor/LaserPointer/LaserPointerMaterialInst.uasset" 230
"../../../Engine/Content/VREditor/LaserPointer/TranslucentLaserPointerMaterialInst.uasset" 231
"../../../Engine/Content/VREditor/LaserPointer/LaserPointerMesh.uasset" 232
"../../../Engine/Content/VREditor/LaserPointer/LaserPointerMesh_End.uasset" 233
"../../../Engine/Content/VREditor/LaserPointer/LaserPointerMesh_Start.uasset" 234
"../../../Engine/Content/Functions/Engine_MaterialFunctions02/Utility/BreakOutFloat3Components.uasset" 235
"../../../Engine/Content/Functions/Engine_MaterialFunctions02/Math/Transform3x3Matrix.uasset" 236
"../../../Engine/Content/Functions/Engine_MaterialFunctions02/SplitComponents.uasset" 237
"../../../Engine/Content/Functions/Engine_MaterialFunctions02/Utility/MakeFloat3.uasset" 238
"../../../Engine/Content/VREditor/SnapGrid/SnapGridMaterial.uasset" 239
"../../../Engine/Content/VREditor/SnapGrid/SnapGridPlaneMesh.uasset" 240
"../../../Engine/Content/VREditor/Sounds/VR_teleport.uasset" 241
"../../../Engine/Content/VREditor/Sounds/UI/Click_on_Button_Cue.uasset" 242
"../../../Engine/Content/VREditor/Sounds/UI/Dockable_Window_Close.uasset" 243
"../../../Engine/Content/VREditor/Sounds/UI/Dockable_Window_Drop.uasset" 244
"../../../Engine/Content/VREditor/Sounds/UI/Dockable_Window_Open.uasset" 245
"../../../Engine/Content/VREditor/Sounds/UI/Dockable_Window_Pick_Up.uasset" 246
"../../../Engine/Content/VREditor/Sounds/UI/Drop_Item_From_ContentBrowser.uasset" 247
"../../../Engine/Content/VREditor/Sounds/UI/Floating_UI_Open-001.uasset" 248
"../../../Engine/Content/VREditor/Sounds/UI/Gizmo_Handle_Clicked.uasset" 249
"../../../Engine/Content/VREditor/Sounds/UI/Object_PickUp.uasset" 250
"../../../Engine/Content/VREditor/Sounds/UI/Object_Snaps_To_Another_Actor.uasset" 251
"../../../Engine/Content/VREditor/Sounds/UI/Object_Snaps_To_Grid.uasset" 252
"../../../Engine/Content/VREditor/Sounds/UI/Radial_Menu_FadeOut.uasset" 253
"../../../Engine/Content/VREditor/Sounds/UI/Scaling_Down.uasset" 254
"../../../Engine/Content/VREditor/Sounds/UI/Scaling_Up.uasset" 255
"../../../Engine/Content/VREditor/Sounds/UI/Selection_Changes.uasset" 256
"../../../Engine/Content/VREditor/Sounds/UI/Teleport_Mode_Entered.uasset" 257
"../../../Engine/Content/VREditor/Teleport/TeleportDirectionMaterial.uasset" 258
"../../../Engine/Content/VREditor/Teleport/TeleportDirectionMaterial_Inst.uasset" 259
"../../../Engine/Content/VREditor/Teleport/TeleportDirectionMesh.uasset" 260
"../../../Engine/Content/VREditor/TransformGizmo/BoundingBoxCorner.uasset" 261
"../../../Engine/Content/VREditor/TransformGizmo/BoundingBoxEdge.uasset" 262
"../../../Engine/Content/VREditor/TransformGizmo/PlaneTranslationHandle.uasset" 263
"../../../Engine/Content/VREditor/TransformGizmo/RotationHandleFull.uasset" 264
"../../../Engine/Content/VREditor/TransformGizmo/RotationHandleIndicator.uasset" 265
"../../../Engine/Content/VREditor/TransformGizmo/RotationHandleQuarter.uasset" 266
"../../../Engine/Content/VREditor/TransformGizmo/Main.uasset" 267
"../../../Engine/Content/VREditor/TransformGizmo/Xray.uasset" 268
"../../../Engine/Content/VREditor/TransformGizmo/SM_Dialog_Close.uasset" 269
"../../../Engine/Content/VREditor/TransformGizmo/SM_Dialog_Move.uasset" 270
"../../../Engine/Content/VREditor/TransformGizmo/SM_Sequencer_Key.uasset" 271
"../../../Engine/Content/VREditor/TransformGizmo/SM_Sequencer_Node.uasset" 272
"../../../Engine/Content/VREditor/TransformGizmo/StartRotationHandleIndicator.uasset" 273
"../../../Engine/Content/VREditor/TransformGizmo/TranslucentTransformGizmoMaterial_Inst.uasset" 274
"../../../Engine/Content/VREditor/TransformGizmo/TransformGizmoFreeRotation.uasset" 275
"../../../Engine/Content/VREditor/TransformGizmo/TransformGizmoMaterial_Inst.uasset" 276
"../../../Engine/Content/VREditor/TransformGizmo/TranslateArrowHandle.uasset" 277
"../../../Engine/Content/VREditor/TransformGizmo/UniformScaleHandle.uasset" 278
"../../../Engine/Content/VREditor/UI/KeyDiskMaterial.uasset" 279
"../../../Engine/Content/VREditor/UI/DiscMaterial.uasset" 280
"../../../Engine/Content/VREditor/UI/SM_Radial_Disk.uasset" 281
"../../../Engine/Content/VREditor/WorldMovementGrid/SimpleGrid.uasset" 282
"../../../Engine/Content/VREditor/WorldMovementGrid/GridMaterial.uasset" 283
"../../../Engine/Content/Functions/Engine_MaterialFunctions01/Density/ExponentialDensity.uasset" 284
"../../../Engine/Content/VREditor/WorldMovementGrid/GridPostProcess.uasset" 285
"../../../Engine/Content/EditorLandscapeResources/FlattenHeightMat.uasset" 286
"../../../Engine/Content/VREditor/WorldMovementGrid/PlaneMesh.uasset" 287
"../../../Engine/Plugins/2D/Paper2D/Content/PlaceholderTextures/DummySpriteTexture.uasset" 288
"../../../Engine/Plugins/2D/Paper2D/Content/DummySprite.uasset" 289
"../../../Engine/Plugins/2D/Paper2D/Content/DefaultPaperTerrainMaterial.uasset" 290
"../../../Engine/Plugins/2D/Paper2D/Content/DefaultSpriteMaterial.uasset" 291
"../../../Engine/Plugins/2D/Paper2D/Content/MaskedUnlitSpriteMaterial.uasset" 292
"../../../Engine/Plugins/2D/Paper2D/Content/OpaqueUnlitSpriteMaterial.uasset" 293
"../../../Engine/Plugins/Media/MediaCompositing/Content/DefaultMediaPlaneMaterial.uasset" 294
"../../../Engine/Content/Functions/Engine_MaterialFunctions02/Utility/MakeFloat4.uasset" 295
"../../../Engine/Plugins/Runtime/AppleARKit/Content/ARKitCameraMaterial.uasset" 296
"../../../Engine/Plugins/Runtime/Oculus/OculusVR/Content/Textures/GearVRController_AO.uasset" 297
"../../../Engine/Plugins/Runtime/Oculus/OculusVR/Content/Textures/GearVRController_Color.uasset" 298
"../../../Engine/Plugins/Runtime/Oculus/OculusVR/Content/Textures/GearVRController_Normal.uasset" 299
"../../../Engine/Plugins/Runtime/Oculus/OculusVR/Content/Materials/GearVRControllerMaterial.uasset" 300
"../../../Engine/Plugins/Runtime/Oculus/OculusVR/Content/Meshes/GearVrController.uasset" 301
"../../../Arachnoid/Content/ThirdPersonBP/Blueprints/BP_TriggerInterface.uasset" 302
"../../../Arachnoid/Content/ThirdPersonBP/Blueprints/NonCharacterBP/TriggerAssets/TriggerBase.uasset" 303
"../../../Arachnoid/Content/StarterContent/Materials/M_Glass.uasset" 304
"../../../Arachnoid/Content/StarterContent/Textures/T_Door_M.uasset" 305
"../../../Arachnoid/Content/StarterContent/Textures/T_Door_N.uasset" 306
"../../../Arachnoid/Content/StarterContent/Props/Materials/M_Door.uasset" 307
"../../../Arachnoid/Content/StarterContent/Props/SM_Door.uasset" 308
"../../../Arachnoid/Content/ThirdPersonBP/Blueprints/NonCharacterBP/TriggerAssets/TriggerDoor.uasset" 309
"../../../Arachnoid/Content/Materials/GrappleHookTest/BlackMat.uasset" 310
"../../../Arachnoid/Content/Materials/GrappleHookTest/GreenMat.uasset" 311
"../../../Arachnoid/Content/Materials/GrappleHookTest/RedMat.uasset" 312
"../../../Arachnoid/Content/Materials/GrappleHookTest/YellowMat.uasset" 313
"../../../Arachnoid/Content/StarterContent/Textures/T_Brick_Clay_Beveled_D.uasset" 314
"../../../Arachnoid/Content/StarterContent/Textures/T_Brick_Clay_Beveled_M.uasset" 315
"../../../Arachnoid/Content/StarterContent/Textures/T_Brick_Clay_Beveled_N.uasset" 316
"../../../Arachnoid/Content/StarterContent/Textures/T_MacroVariation.uasset" 317
"../../../Arachnoid/Content/StarterContent/Materials/M_Brick_Clay_Beveled.uasset" 318
"../../../Arachnoid/Content/StarterContent/Textures/T_Concrete_Grime_D.uasset" 319
"../../../Arachnoid/Content/StarterContent/Textures/T_Metal_Rust_N.uasset" 320
"../../../Arachnoid/Content/StarterContent/Textures/T_Perlin_Noise_M.uasset" 321
"../../../Arachnoid/Content/StarterContent/Materials/M_Concrete_Grime.uasset" 322
"../../../Arachnoid/Content/StarterContent/Textures/T_Ground_Grass_D.uasset" 323
"../../../Arachnoid/Content/StarterContent/Textures/T_Ground_Grass_N.uasset" 324
"../../../Arachnoid/Content/StarterContent/Materials/M_Ground_Grass.uasset" 325
"../../../Arachnoid/Content/StarterContent/Textures/T_Metal_Gold_D.uasset" 326
"../../../Arachnoid/Content/StarterContent/Textures/T_Metal_Gold_N.uasset" 327
"../../../Arachnoid/Content/StarterContent/Materials/M_Metal_Gold.uasset" 328
"../../../Arachnoid/Content/StarterContent/Textures/T_Metal_Steel_D.uasset" 329
"../../../Arachnoid/Content/StarterContent/Textures/T_Metal_Steel_N.uasset" 330
"../../../Arachnoid/Content/StarterContent/Materials/M_Metal_Steel.uasset" 331
"../../../Arachnoid/Content/StarterContent/Textures/T_Rock_Marble_Polished_D.uasset" 332
"../../../Arachnoid/Content/StarterContent/Materials/M_Rock_Marble_Polished.uasset" 333
"../../../Arachnoid/Content/StarterContent/Textures/T_Rock_Sandstone_D.uasset" 334
"../../../Arachnoid/Content/StarterContent/Textures/T_Rock_Sandstone_N.uasset" 335
"../../../Arachnoid/Content/StarterContent/Materials/M_Rock_Sandstone.uasset" 336
"../../../Arachnoid/Content/StarterContent/Textures/T_Tech_Panel_M.uasset" 337
"../../../Arachnoid/Content/StarterContent/Textures/T_Tech_Panel_N.uasset" 338
"../../../Arachnoid/Content/StarterContent/Materials/M_Tech_Panel.uasset" 339
"../../../Engine/Content/BasicShapes/Cone.uasset" 340
"../../../Engine/Content/BasicShapes/Cube.uasset" 341
"../../../Engine/Content/BasicShapes/Cylinder.uasset" 342
"../../../Engine/Content/EngineMaterials/DefaultPhysicalMaterial.uasset" 343
"../../../Engine/Content/MapTemplates/SM_Template_Map_Floor.uasset" 344
"../../../Arachnoid/Content/StarterContent/Architecture/Wall_400x200.uasset" 345
"../../../Arachnoid/Content/StarterContent/Architecture/Wall_400x400.uasset" 346
"../../../Arachnoid/Content/StarterContent/Architecture/Wall_500x500.uasset" 347
"../../../Arachnoid/Content/StarterContent/Architecture/Wall_Door_400x400.uasset" 348
"../../../Arachnoid/Content/Levels/Puzzles/difficulty1/BoxPuzzle.umap" 349
"../../../Arachnoid/Content/Mannequin/Animations/ThirdPerson_Jump.uasset" 350
"../../../Arachnoid/Content/Mannequin/Animations/ThirdPersonJump_Loop.uasset" 351
"../../../Arachnoid/Content/Mannequin/Animations/ThirdPersonJump_Start.uasset" 352
"../../../Arachnoid/Content/Mannequin/Animations/ThirdPersonIdle.uasset" 353
"../../../Arachnoid/Content/Mannequin/Animations/ThirdPersonRun.uasset" 354
"../../../Arachnoid/Content/Mannequin/Animations/ThirdPersonWalk.uasset" 355
"../../../Arachnoid/Content/Mannequin/Animations/ThirdPerson_IdleRun_2D.uasset" 356
"../../../Arachnoid/Content/Mannequin/Animations/ThirdPerson_AnimBP.uasset" 357
"../../../Arachnoid/Content/ThirdPersonBP/Blueprints/GrappleHook/Meshes/BlackHook.uasset" 358
"../../../Arachnoid/Content/ThirdPersonBP/Blueprints/GrappleHook/Gun.uasset" 359
"../../../Arachnoid/Content/ThirdPersonBP/Blueprints/GrappleHook/Meshes/BlueHook.uasset" 360
"../../../Arachnoid/Content/ThirdPersonBP/Blueprints/GrappleHook/BlueGun.uasset" 361
"../../../Arachnoid/Content/ThirdPersonBP/Blueprints/GrappleHook/Meshes/GreenHook.uasset" 362
"../../../Arachnoid/Content/ThirdPersonBP/Blueprints/GrappleHook/GreenGun.uasset" 363
"../../../Engine/Content/BasicShapes/BasicShapeMaterial.uasset" 364
"../../../Arachnoid/Content/ThirdPersonBP/Blueprints/GrappleHook/SolidRopeCollider.uasset" 365
"../../../Arachnoid/Content/ThirdPersonBP/Blueprints/GrappleHook/Meshes/RedHook.uasset" 366
"../../../Arachnoid/Content/ThirdPersonBP/Blueprints/GrappleHook/RedGun.uasset" 367
"../../../Arachnoid/Content/Textures/Reticle1.uasset" 368
"../../../Arachnoid/Content/ThirdPersonBP/Blueprints/HUD.uasset" 369
"../../../Engine/Content/Functions/MaterialLayerFunctions/MatLayerBlend_NormalBlend.uasset" 370
"../../../Engine/Content/Functions/MaterialLayerFunctions/MatLayerBlend_Simple.uasset" 371
"../../../Arachnoid/Content/Mannequin/Character/Materials/MaterialLayers/T_ML_Rubber_Blue_01_D.uasset" 372
"../../../Arachnoid/Content/Mannequin/Character/Materials/MaterialLayers/T_ML_Rubber_Blue_01_N.uasset" 373
"../../../Arachnoid/Content/Mannequin/Character/Materials/MaterialLayers/ML_GlossyBlack_Latex_UE4.uasset" 374
"../../../Arachnoid/Content/Mannequin/Character/Materials/MaterialLayers/ML_Plastic_Shiny_Beige.uasset" 375
"../../../Arachnoid/Content/Mannequin/Character/Textures/UE4_LOGO_CARD.uasset" 376
"../../../Arachnoid/Content/Mannequin/Character/Materials/MaterialLayers/ML_Plastic_Shiny_Beige_LOGO.uasset" 377
"../../../Arachnoid/Content/Mannequin/Character/Materials/MaterialLayers/T_ML_Aluminum01.uasset" 378
"../../../Arachnoid/Content/Mannequin/Character/Materials/MaterialLayers/T_ML_Aluminum01_N.uasset" 379
"../../../Arachnoid/Content/Mannequin/Character/Materials/MaterialLayers/ML_SoftMetal_UE4.uasset" 380
"../../../Arachnoid/Content/Mannequin/Character/Textures/UE4_Mannequin__normals.uasset" 381
"../../../Arachnoid/Content/Mannequin/Character/Textures/UE4_Mannequin_MAT_MASKA.uasset" 382
"../../../Arachnoid/Content/Mannequin/Character/Materials/M_UE4Man_Body.uasset" 383
"../../../Arachnoid/Content/Mannequin/Character/Textures/UE4Man_Logo_N.uasset" 384
"../../../Arachnoid/Content/Mannequin/Character/Materials/M_UE4Man_ChestLogo.uasset" 385
"../../../Arachnoid/Content/Mannequin/Character/Mesh/SK_Mannequin_PhysicsAsset.uasset" 386
"../../../Arachnoid/Content/Mannequin/Character/Mesh/SK_Mannequin.uasset" 387
"../../../Arachnoid/Content/Textures/menuUI/arrow.uasset" 388
"../../../Arachnoid/Content/Textures/menuUI/bottom.uasset" 389
"../../../Arachnoid/Content/Textures/menuUI/left.uasset" 390
"../../../Arachnoid/Content/Textures/menuUI/right.uasset" 391
"../../../Arachnoid/Content/Textures/menuUI/top.uasset" 392
"../../../Arachnoid/Content/ThirdPersonBP/Blueprints/PieMenu.uasset" 393
"../../../Arachnoid/Content/ThirdPersonBP/Blueprints/ThirdPersonCharacter.uasset" 394
"../../../Engine/Content/EngineSky/C_Sky_Cloud_Color.uasset" 395
"../../../Engine/Content/EngineSky/C_Sky_Horizon_Color.uasset" 396
"../../../Engine/Content/EngineSky/C_Sky_Zenith_Color.uasset" 397
"../../../Engine/Content/EngineSky/T_Sky_Blue.uasset" 398
"../../../Engine/Content/EngineSky/T_Sky_Clouds_M.uasset" 399
"../../../Engine/Content/EngineSky/T_Sky_Stars.uasset" 400
"../../../Engine/Content/EngineSky/M_Sky_Panning_Clouds2.uasset" 401
"../../../Engine/Content/EngineSky/SM_SkySphere.uasset" 402
"../../../Engine/Content/EngineSky/BP_Sky_Sphere.uasset" 403
"../../../Arachnoid/Content/ThirdPersonBP/Blueprints/NonCharacterBP/Door.uasset" 404
"../../../Arachnoid/Content/ThirdPersonBP/Blueprints/NonCharacterBP/ElectricGrapple/Power.uasset" 405
"../../../Arachnoid/Content/Levels/Puzzles/difficulty1/CrossingTheChasm_BuiltData.uasset" 406
"../../../Arachnoid/Content/StarterContent/Textures/T_Ceramic_Tile_M.uasset" 407
"../../../Arachnoid/Content/StarterContent/Textures/T_Ceramic_Tile_N.uasset" 408
"../../../Arachnoid/Content/StarterContent/Materials/M_Ceramic_Tile_Checker.uasset" 409
"../../../Arachnoid/Content/StarterContent/Textures/T_Wood_Pine_D.uasset" 410
"../../../Arachnoid/Content/StarterContent/Textures/T_Wood_Pine_N.uasset" 411
"../../../Arachnoid/Content/StarterContent/Materials/M_Wood_Pine.uasset" 412
"../../../Arachnoid/Content/StarterContent/Props/SM_Chair.uasset" 413
"../../../Arachnoid/Content/StarterContent/Textures/T_Lamp_M.uasset" 414
"../../../Arachnoid/Content/StarterContent/Textures/T_Lamp_N.uasset" 415
"../../../Arachnoid/Content/StarterContent/Props/Materials/M_Lamp.uasset" 416
"../../../Arachnoid/Content/StarterContent/Props/SM_Lamp_Ceiling.uasset" 417
"../../../Arachnoid/Content/StarterContent/Textures/T_Shelf_M.uasset" 418
"../../../Arachnoid/Content/StarterContent/Textures/T_Shelf_N.uasset" 419
"../../../Arachnoid/Content/StarterContent/Props/Materials/M_Shelf.uasset" 420
"../../../Arachnoid/Content/StarterContent/Props/SM_Shelf.uasset" 421
"../../../Arachnoid/Content/StarterContent/Textures/T_Frame_M.uasset" 422
"../../../Arachnoid/Content/StarterContent/Textures/T_Frame_N.uasset" 423
"../../../Arachnoid/Content/StarterContent/Props/Materials/M_Frame.uasset" 424
"../../../Arachnoid/Content/StarterContent/Props/SM_WindowFrame.uasset" 425
"../../../Arachnoid/Content/Levels/Puzzles/difficulty1/CrossingTheChasm.umap" 426
"../../../Arachnoid/Content/Levels/Puzzles/difficulty1/NewWorld.umap" 427
"../../../Arachnoid/Content/ThirdPersonBP/Blueprints/NonCharacterBP/ClimableBP/ClimableBase.uasset" 428
"../../../Arachnoid/Content/Levels/Puzzles/difficulty1/WallClimb_BuiltData.uasset" 429
"../../../Arachnoid/Content/StarterContent/Architecture/Floor_400x400.uasset" 430
"../../../Arachnoid/Content/Levels/Puzzles/difficulty1/WallClimb.umap" 431
"../../../Arachnoid/Content/ThirdPersonBP/Blueprints/PickupCube.uasset" 432
"../../../Arachnoid/Content/ThirdPersonBP/Blueprints/ThirdPersonGameMode.uasset" 433
"../../../Arachnoid/Content/StarterContent/Textures/T_Wood_Walnut_D.uasset" 434
"../../../Arachnoid/Content/StarterContent/Textures/T_Wood_Walnut_N.uasset" 435
"../../../Arachnoid/Content/StarterContent/Materials/M_Wood_Walnut.uasset" 436
"../../../Arachnoid/Content/ThirdPerson/Meshes/RampMaterial.uasset" 437
"../../../Arachnoid/Content/Levels/Tests/GrappleTest.umap" 438
"../../../Arachnoid/Content/StarterContent/Blueprints/Assets/FogBrightnessLUT.uasset" 439
"../../../Arachnoid/Content/StarterContent/Blueprints/Assets/SunlightColorLUT.uasset" 440
"../../../Arachnoid/Content/StarterContent/Blueprints/Assets/M_LightStage_Arrows.uasset" 441
"../../../Engine/Content/MapTemplates/Sky/DaylightAmbientCubemap.uasset" 442
"../../../Arachnoid/Content/StarterContent/Blueprints/Assets/M_LightStage_Skybox_Master.uasset" 443
"../../../Arachnoid/Content/StarterContent/Blueprints/Assets/M_LightStage_Skybox_Black.uasset" 444
"../../../Arachnoid/Content/StarterContent/Blueprints/Assets/M_LightStage_Skybox_HDRI.uasset" 445
"../../../Engine/Content/EditorMaterials/Thumbnails/SkySphereMaterial.uasset" 446
"../../../Arachnoid/Content/StarterContent/Blueprints/Assets/Skybox.uasset" 447
"../../../Arachnoid/Content/StarterContent/Blueprints/Assets/SM_Arrows.uasset" 448
"../../../Arachnoid/Content/StarterContent/HDRI/HDRI_Epic_Courtyard_Daylight.uasset" 449
"../../../Arachnoid/Content/StarterContent/Blueprints/BP_LightStudio.uasset" 450
"../../../Arachnoid/Content/StarterContent/Maps/Advanced_Lighting_BuiltData.uasset" 451
"../../../Arachnoid/Content/StarterContent/Materials/M_AssetPlatform.uasset" 452
"../../../Engine/Content/EditorMeshes/ColorCalibrator/M_ChromeBall.uasset" 453
"../../../Engine/Content/EditorMeshes/ColorCalibrator/M_ClearCoat.uasset" 454
"../../../Engine/Content/EditorMeshes/ColorCalibrator/M_ClearCoatBlack.uasset" 455
"../../../Engine/Content/EditorMeshes/ColorCalibrator/Color_checker.uasset" 456
"../../../Engine/Content/EditorMeshes/ColorCalibrator/M_ColorGrid.uasset" 457
"../../../Engine/Content/EditorMeshes/ColorCalibrator/M_GreyBall.uasset" 458
"../../../Engine/Content/EditorMeshes/ColorCalibrator/SM_ColorCalibrator.uasset" 459
"../../../Arachnoid/Content/StarterContent/Architecture/SM_AssetPlatform.uasset" 460
"../../../Arachnoid/Content/StarterContent/Maps/Advanced_Lighting.umap" 461
"../../../Arachnoid/Content/StarterContent/Maps/Minimal_Default_BuiltData.uasset" 462
"../../../Arachnoid/Content/StarterContent/Materials/M_Metal_Brushed_Nickel.uasset" 463
"../../../Arachnoid/Content/StarterContent/Textures/T_Metal_Aluminum_D.uasset" 464
"../../../Arachnoid/Content/StarterContent/Materials/M_Metal_Burnished_Steel.uasset" 465
"../../../Arachnoid/Content/StarterContent/Textures/T_Metal_Copper_D.uasset" 466
"../../../Arachnoid/Content/StarterContent/Materials/M_Metal_Copper.uasset" 467
"../../../Arachnoid/Content/StarterContent/Textures/T_Statue_M.uasset" 468
"../../../Arachnoid/Content/StarterContent/Textures/T_Statue_N.uasset" 469
"../../../Arachnoid/Content/StarterContent/Props/Materials/M_StatueGlass.uasset" 470
"../../../Arachnoid/Content/StarterContent/Audio/Starter_Background_Cue.uasset" 471
"../../../Arachnoid/Content/StarterContent/Props/Materials/M_Statue.uasset" 472
"../../../Arachnoid/Content/StarterContent/Props/SM_Statue.uasset" 473
"../../../Arachnoid/Content/StarterContent/Textures/T_TableRound_M.uasset" 474
"../../../Arachnoid/Content/StarterContent/Textures/T_TableRound_N.uasset" 475
"../../../Arachnoid/Content/StarterContent/Props/Materials/M_TableRound.uasset" 476
"../../../Arachnoid/Content/StarterContent/Props/SM_TableRound.uasset" 477
"../../../Arachnoid/Content/StarterContent/Maps/Minimal_Default.umap" 478
"../../../Arachnoid/Content/StarterContent/Audio/Fire01_Cue.uasset" 479
"../../../Arachnoid/Content/StarterContent/Textures/T_Fire_SubUV.uasset" 480
"../../../Arachnoid/Content/StarterContent/Textures/T_Fire_Tiled_D.uasset" 481
"../../../Arachnoid/Content/StarterContent/Particles/Materials/M_Fire_SubUV.uasset" 482
"../../../Arachnoid/Content/StarterContent/Textures/T_Water_N.uasset" 483
"../../../Arachnoid/Content/StarterContent/Particles/Materials/M_Heat_Distortion.uasset" 484
"../../../Arachnoid/Content/StarterContent/Particles/Materials/M_Radial_Gradient.uasset" 485
"../../../Arachnoid/Content/StarterContent/Particles/P_Fire.uasset" 486
"../../../Arachnoid/Content/StarterContent/Blueprints/Blueprint_Effect_Fire.uasset" 487
"../../../Arachnoid/Content/StarterContent/Audio/Smoke01_Cue.uasset" 488
"../../../Arachnoid/Content/StarterContent/Particles/P_Smoke.uasset" 489
"../../../Arachnoid/Content/StarterContent/Blueprints/Blueprint_Effect_Smoke.uasset" 490
"../../../Arachnoid/Content/StarterContent/Audio/Fire_Sparks01_Cue.uasset" 491
"../../../Arachnoid/Content/StarterContent/Textures/T_Spark_Core.uasset" 492
"../../../Arachnoid/Content/StarterContent/Particles/Materials/M_Spark.uasset" 493
"../../../Arachnoid/Content/StarterContent/Particles/P_Sparks.uasset" 494
"../../../Arachnoid/Content/StarterContent/Blueprints/Blueprint_Effect_Sparks.uasset" 495
"../../../Arachnoid/Content/StarterContent/Audio/Steam01_Cue.uasset" 496
"../../../Arachnoid/Content/StarterContent/Particles/P_Steam_Lit.uasset" 497
"../../../Arachnoid/Content/StarterContent/Blueprints/Blueprint_Effect_Steam.uasset" 498
"../../../Arachnoid/Content/StarterContent/Blueprints/Blueprint_CeilingLight.uasset" 499
"../../../Arachnoid/Content/StarterContent/Props/SM_Lamp_Wall.uasset" 500
"../../../Arachnoid/Content/StarterContent/Blueprints/Blueprint_WallSconce.uasset" 501
"../../../Arachnoid/Content/StarterContent/Maps/StarterMap_BuiltData.uasset" 502
"../../../Engine/Content/Functions/Engine_MaterialFunctions03/Procedurals/ComputeFilterWidth.uasset" 503
"../../../Engine/Content/EngineMaterials/AntiAliasedTextMaterialTranslucent.uasset" 504
"../../../Arachnoid/Content/StarterContent/Textures/T_Brick_Clay_New_D.uasset" 505
"../../../Arachnoid/Content/StarterContent/Textures/T_Brick_Clay_New_M.uasset" 506
"../../../Arachnoid/Content/StarterContent/Textures/T_Brick_Clay_New_N.uasset" 507
"../../../Arachnoid/Content/StarterContent/Materials/M_Brick_Clay_New.uasset" 508
"../../../Arachnoid/Content/StarterContent/Textures/T_Brick_Clay_Old_D.uasset" 509
"../../../Arachnoid/Content/StarterContent/Textures/T_Brick_Clay_Old_N.uasset" 510
"../../../Arachnoid/Content/StarterContent/Materials/M_Brick_Clay_Old.uasset" 511
"../../../Arachnoid/Content/StarterContent/Textures/T_Brick_Cut_Stone_D.uasset" 512
"../../../Arachnoid/Content/StarterContent/Textures/T_Brick_Cut_Stone_N.uasset" 513
"../../../Arachnoid/Content/StarterContent/Materials/M_Brick_Cut_Stone.uasset" 514
"../../../Arachnoid/Content/StarterContent/Textures/T_Brick_Hewn_Stone_D.uasset" 515
"../../../Arachnoid/Content/StarterContent/Textures/T_Brick_Hewn_Stone_M.uasset" 516
"../../../Arachnoid/Content/StarterContent/Textures/T_Brick_Hewn_Stone_N.uasset" 517
"../../../Arachnoid/Content/StarterContent/Materials/M_Brick_Hewn_Stone.uasset" 518
"../../../Arachnoid/Content/StarterContent/Textures/T_CobbleStone_Pebble_D.uasset" 519
"../../../Arachnoid/Content/StarterContent/Textures/T_CobbleStone_Pebble_M.uasset" 520
"../../../Arachnoid/Content/StarterContent/Textures/T_CobbleStone_Pebble_N.uasset" 521
"../../../Arachnoid/Content/StarterContent/Materials/M_CobbleStone_Pebble.uasset" 522
"../../../Arachnoid/Content/StarterContent/Textures/T_CobbleStone_Rough_D.uasset" 523
"../../../Arachnoid/Content/StarterContent/Textures/T_CobbleStone_Rough_N.uasset" 524
"../../../Arachnoid/Content/StarterContent/Textures/T_Gradinet_01.uasset" 525
"../../../Arachnoid/Content/StarterContent/Textures/T_Rock_Smooth_Granite_D.uasset" 526
"../../../Arachnoid/Content/StarterContent/Materials/M_CobbleStone_Rough.uasset" 527
"../../../Arachnoid/Content/StarterContent/Textures/T_CobbleStone_Smooth_D.uasset" 528
"../../../Arachnoid/Content/StarterContent/Textures/T_CobbleStone_Smooth_M.uasset" 529
"../../../Arachnoid/Content/StarterContent/Textures/T_CobbleStone_Smooth_N.uasset" 530
"../../../Arachnoid/Content/StarterContent/Materials/M_CobbleStone_Smooth.uasset" 531
"../../../Arachnoid/Content/StarterContent/Textures/T_Concrete_Panels_D.uasset" 532
"../../../Arachnoid/Content/StarterContent/Textures/T_Concrete_Panels_N.uasset" 533
"../../../Arachnoid/Content/StarterContent/Materials/M_Concrete_Panels.uasset" 534
"../../../Arachnoid/Content/StarterContent/Textures/T_Concrete_Poured_D.uasset" 535
"../../../Arachnoid/Content/StarterContent/Textures/T_Concrete_Poured_N.uasset" 536
"../../../Arachnoid/Content/StarterContent/Materials/M_Concrete_Poured.uasset" 537
"../../../Arachnoid/Content/StarterContent/Textures/T_Concrete_Tiles_D.uasset" 538
"../../../Arachnoid/Content/StarterContent/Textures/T_Concrete_Tiles_M.uasset" 539
"../../../Arachnoid/Content/StarterContent/Textures/T_Concrete_Tiles_N.uasset" 540
"../../../Arachnoid/Content/StarterContent/Textures/T_Concrete_Tiles_Variation_M.uasset" 541
"../../../Arachnoid/Content/StarterContent/Materials/M_Concrete_Tiles.uasset" 542
"../../../Arachnoid/Content/StarterContent/Textures/T_Ground_Gravel_D.uasset" 543
"../../../Arachnoid/Content/StarterContent/Textures/T_Ground_Gravel_N.uasset" 544
"../../../Arachnoid/Content/StarterContent/Materials/M_Ground_Gravel.uasset" 545
"../../../Arachnoid/Content/StarterContent/Textures/T_ground_Moss_D.uasset" 546
"../../../Arachnoid/Content/StarterContent/Textures/T_Ground_Moss_N.uasset" 547
"../../../Arachnoid/Content/StarterContent/Materials/M_Ground_Moss.uasset" 548
"../../../Arachnoid/Content/StarterContent/Materials/M_Metal_Chrome.uasset" 549
"../../../Arachnoid/Content/StarterContent/Textures/T_Metal_Rust_D.uasset" 550
"../../../Arachnoid/Content/StarterContent/Materials/M_Metal_Rust.uasset" 551
"../../../Arachnoid/Content/StarterContent/Textures/T_Rock_Basalt_N.uasset" 552
"../../../Arachnoid/Content/StarterContent/Materials/M_Rock_Basalt.uasset" 553
"../../../Arachnoid/Content/StarterContent/Textures/T_Rock_Slate_D.uasset" 554
"../../../Arachnoid/Content/StarterContent/Textures/T_Rock_Slate_N.uasset" 555
"../../../Arachnoid/Content/StarterContent/Materials/M_Rock_Slate.uasset" 556
"../../../Arachnoid/Content/StarterContent/Textures/T_Checker_Noise_M.uasset" 557
"../../../Arachnoid/Content/StarterContent/Textures/T_Single_Tile_N.uasset" 558
"../../../Arachnoid/Content/StarterContent/Textures/T_Tech_Dot_M.uasset" 559
"../../../Arachnoid/Content/StarterContent/Textures/T_Tech_Dot_N.uasset" 560
"../../../Arachnoid/Content/StarterContent/Materials/M_Tech_Checker_Dot.uasset" 561
"../../../Arachnoid/Content/StarterContent/Textures/T_Tech_Hex_Tile_M.uasset" 562
"../../../Arachnoid/Content/StarterContent/Textures/T_Tech_Hex_Tile_N.uasset" 563
"../../../Arachnoid/Content/StarterContent/Materials/M_Tech_Hex_Tile.uasset" 564
"../../../Arachnoid/Content/StarterContent/Materials/M_Tech_Hex_Tile_Pulse.uasset" 565
"../../../Arachnoid/Content/StarterContent/Materials/M_Water_Lake.uasset" 566
"../../../Arachnoid/Content/StarterContent/Textures/T_Water_M.uasset" 567
"../../../Arachnoid/Content/StarterContent/Materials/M_Water_Ocean.uasset" 568
"../../../Arachnoid/Content/StarterContent/Textures/T_Wood_Floor_Walnut_D.uasset" 569
"../../../Arachnoid/Content/StarterContent/Textures/T_Wood_Floor_Walnut_M.uasset" 570
"../../../Arachnoid/Content/StarterContent/Textures/T_Wood_Floor_Walnut_N.uasset" 571
"../../../Arachnoid/Content/StarterContent/Materials/M_Wood_Floor_Walnut_Polished.uasset" 572
"../../../Engine/Content/Functions/Engine_MaterialFunctions01/Opacity/AlphaOffset.uasset" 573
"../../../Arachnoid/Content/StarterContent/Materials/M_Wood_Floor_Walnut_Worn.uasset" 574
"../../../Arachnoid/Content/StarterContent/Textures/T_Wood_Oak_D.uasset" 575
"../../../Arachnoid/Content/StarterContent/Textures/T_Wood_Oak_N.uasset" 576
"../../../Arachnoid/Content/StarterContent/Materials/M_Wood_Oak.uasset" 577
"../../../Arachnoid/Content/StarterContent/Architecture/Wall_Door_400x300.uasset" 578
"../../../Arachnoid/Content/StarterContent/Architecture/Wall_Window_400x300.uasset" 579
"../../../Arachnoid/Content/StarterContent/Audio/Collapse_Cue.uasset" 580
"../../../Arachnoid/Content/StarterContent/Audio/Starter_Music_Cue.uasset" 581
"../../../Arachnoid/Content/StarterContent/Textures/T_Dust_Particle_D.uasset" 582
"../../../Arachnoid/Content/StarterContent/Particles/Materials/M_Dust_Particle.uasset" 583
"../../../Arachnoid/Content/StarterContent/Particles/P_Ambient_Dust.uasset" 584
"../../../Arachnoid/Content/StarterContent/Props/MaterialSphere.uasset" 585
"../../../Arachnoid/Content/StarterContent/Props/SM_CornerFrame.uasset" 586
"../../../Arachnoid/Content/StarterContent/Props/SM_DoorFrame.uasset" 587
"../../../Arachnoid/Content/StarterContent/Props/SM_GlassWindow.uasset" 588
"../../../Arachnoid/Content/StarterContent/Props/SM_PillarFrame.uasset" 589
"../../../Arachnoid/Content/StarterContent/Props/SM_PillarFrame300.uasset" 590
"../../../Arachnoid/Content/StarterContent/Shapes/Shape_Cube.uasset" 591
"../../../Arachnoid/Content/StarterContent/Shapes/Shape_QuadPyramid.uasset" 592
"../../../Arachnoid/Content/StarterContent/Shapes/Shape_Sphere.uasset" 593
"../../../Arachnoid/Content/StarterContent/Maps/StarterMap.umap" 594
"../../../Arachnoid/Content/ThirdPersonBP/Maps/ThirdPersonExampleMap_BuiltData.uasset" 595
"../../../Engine/Content/BasicShapes/Sphere.uasset" 596
"../../../Arachnoid/Content/Geometry/Meshes/CubeMaterial.uasset" 597
"../../../Arachnoid/Content/Geometry/Meshes/1M_Cube.uasset" 598
"../../../Arachnoid/Content/Geometry/Meshes/1M_Cube_Chamfer.uasset" 599
"../../../Arachnoid/Content/Geometry/Meshes/TemplateFloor.uasset" 600
"../../../Arachnoid/Content/Mannequin/ThirdPerson/Meshes/RampMaterial.uasset" 601
"../../../Arachnoid/Content/Mannequin/ThirdPerson/Meshes/Bump_StaticMesh.uasset" 602
"../../../Arachnoid/Content/Mannequin/ThirdPerson/Meshes/LeftArm_StaticMesh.uasset" 603
"../../../Arachnoid/Content/Mannequin/ThirdPerson/Meshes/Linear_Stair_StaticMesh.uasset" 604
"../../../Arachnoid/Content/Mannequin/ThirdPerson/Meshes/Ramp_StaticMesh.uasset" 605
"../../../Arachnoid/Content/Mannequin/ThirdPerson/Meshes/RightArm_StaticMesh.uasset" 606
"../../../Arachnoid/Content/ThirdPersonBP/Maps/ThirdPersonExampleMap.umap" 607
"../../../Engine/Content/Maps/Entry.umap" 608
